\BOOKMARK [1][-]{section.1}{\376\377\000O\000v\000e\000r\000v\000i\000e\000w\000\040\000P\000B\000G\000L\040\031\000s\000\040\000M\000u\000t\000a\000n\000t\000-\000A\000n\000a\000l\000y\000s\000i\000s\000-\000w\000o\000r\000k\000f\000l\000o\000w}{}% 1
\BOOKMARK [2][-]{subsection.1.1}{\376\377\000T\000h\000e\000\040\000\050\000b\000r\000i\000e\000f\000\051\000\040\000p\000r\000i\000n\000c\000i\000p\000l\000e\000\040\000o\000f\000\040\000S\000n\000a\000k\000e\000m\000a\000k\000e}{section.1}% 2
\BOOKMARK [2][-]{subsection.1.2}{\376\377\000M\000u\000t\000a\000n\000t\000-\000A\000n\000a\000l\000y\000s\000i\000s\000-\000w\000o\000r\000k\000f\000l\000o\000w\000\040\000U\000s\000e\000\040\000C\000a\000s\000e\000s}{section.1}% 3
\BOOKMARK [3][-]{subsubsection.1.2.1}{\376\377\000D\000e\000-\000N\000o\000v\000o\000\040\000A\000n\000a\000l\000y\000s\000i\000s\000\040\000o\000f\000\040\000s\000a\000m\000p\000l\000e\000\040\000r\000e\000l\000a\000t\000e\000d\000n\000e\000s\000s\000\040\000\050\040\034\000d\000e\000n\000o\000v\000o\040\035\000\051}{subsection.1.2}% 4
\BOOKMARK [3][-]{subsubsection.1.2.2}{\376\377\000V\000a\000r\000i\000a\000n\000t\000\040\000C\000a\000l\000l\000i\000n\000g\000\040\000-\000\040\000S\000t\000a\000n\000d\000a\000r\000d\000\040\000R\000e\000-\000S\000e\000q\000u\000e\000n\000c\000i\000n\000g\000\040\000A\000n\000a\000l\000y\000s\000i\000s\000\040\000\050\040\034\000v\000a\000r\000c\000a\000l\000l\040\035\000\051}{subsection.1.2}% 5
\BOOKMARK [3][-]{subsubsection.1.2.3}{\376\377\000V\000a\000r\000i\000a\000n\000t\000\040\000A\000n\000n\000o\000t\000a\000t\000i\000o\000n\000\040\000-\000\040\000T\000h\000e\000\040\000E\000f\000f\000e\000c\000t\000s\000\040\000o\000f\000\040\000V\000a\000r\000i\000a\000n\000t\000s\000\040\000o\000n\000\040\000G\000e\000n\000e\000\040\000F\000u\000n\000c\000t\000i\000o\000n\000\040\000\050\040\034\000a\000n\000n\000o\000t\000a\000t\000e\040\035\000\051}{subsection.1.2}% 6
\BOOKMARK [2][-]{subsection.1.3}{\376\377\000H\000a\000r\000d\000w\000a\000r\000e\000\040\000R\000e\000q\000u\000i\000r\000e\000m\000e\000n\000t\000s}{section.1}% 7
\BOOKMARK [2][-]{subsection.1.4}{\376\377\000S\000o\000f\000t\000w\000a\000r\000e\000\040\000D\000e\000p\000e\000n\000d\000e\000n\000c\000i\000e\000s}{section.1}% 8
\BOOKMARK [1][-]{section.2}{\376\377\000W\000o\000r\000k\000f\000l\000o\000w\000\040\000U\000s\000e\000\040\000i\000n\000\040\000a\000\040\000N\000u\000t\000s\000h\000e\000l\000l}{}% 9
\BOOKMARK [2][-]{subsection.2.1}{\376\377\000S\000t\000e\000p\000s}{section.2}% 10
\BOOKMARK [1][-]{section.3}{\376\377\000W\000o\000r\000k\000f\000l\000o\000w\000\040\000U\000s\000e\000\040\000i\000n\000\040\000D\000e\000t\000a\000i\000l}{}% 11
\BOOKMARK [2][-]{subsection.3.1}{\376\377\000C\000r\000e\000a\000t\000i\000n\000g\000\040\000t\000h\000e\000\040\000V\000i\000r\000t\000u\000a\000l\000\040\000E\000n\000v\000i\000r\000o\000n\000m\000e\000n\000t\000\040\000\050\000c\000o\000n\000d\000a\000\051}{section.3}% 12
\BOOKMARK [2][-]{subsection.3.2}{\376\377\000R\000e\000f\000e\000r\000e\000n\000c\000e\000\040\000G\000e\000n\000o\000m\000e\000\050\000s\000\051}{section.3}% 13
\BOOKMARK [2][-]{subsection.3.3}{\376\377\000R\000e\000f\000e\000r\000e\000n\000c\000e\000\040\000G\000e\000n\000o\000m\000e\000\040\000A\000n\000n\000o\000t\000a\000t\000i\000o\000n}{section.3}% 14
\BOOKMARK [2][-]{subsection.3.4}{\376\377\000P\000r\000o\000v\000i\000d\000i\000n\000g\000\040\000R\000e\000q\000u\000i\000r\000e\000d\000\040\000M\000e\000t\000a\000\040\000i\000n\000f\000o\000r\000m\000a\000t\000i\000o\000n}{section.3}% 15
\BOOKMARK [3][-]{subsubsection.3.4.1}{\376\377\000S\000a\000m\000p\000l\000e\000s\000e\000t\000s}{subsection.3.4}% 16
\BOOKMARK [3][-]{subsubsection.3.4.2}{\376\377\000S\000a\000m\000p\000l\000e\000\040\000D\000e\000f\000i\000n\000i\000t\000i\000o\000n\000s}{subsection.3.4}% 17
\BOOKMARK [3][-]{subsubsection.3.4.3}{\376\377\000R\000e\000g\000i\000o\000n\000s\000\040\000o\000f\000\040\000I\000n\000t\000e\000r\000e\000s\000t\000\040\000f\000o\000r\000\040\000V\000a\000r\000i\000a\000n\000t\000\040\000C\000a\000l\000l\000i\000n\000g}{subsection.3.4}% 18
\BOOKMARK [2][-]{subsection.3.5}{\376\377\000W\000o\000r\000k\000f\000l\000o\000w\000\040\000C\000o\000n\000f\000i\000g\000u\000r\000a\000t\000i\000o\000n}{section.3}% 19
\BOOKMARK [3][-]{subsubsection.3.5.1}{\376\377\000c\000o\000n\000f\000i\000g\000.\000y\000m\000l}{subsection.3.5}% 20
\BOOKMARK [3][-]{subsubsection.3.5.2}{\376\377\000A\000d\000d\000i\000t\000i\000o\000n\000a\000l\000\040\000C\000o\000n\000f\000i\000g\000u\000r\000a\000t\000i\000o\000n}{subsection.3.5}% 21
\BOOKMARK [3][-]{subsubsection.3.5.3}{\376\377\000R\000u\000n\000n\000i\000n\000g\000\040\000t\000h\000e\000\040\000W\000o\000r\000k\000f\000l\000o\000w}{subsection.3.5}% 22
\BOOKMARK [2][-]{subsection.3.6}{\376\377\000C\000o\000n\000f\000i\000g\000u\000r\000i\000n\000g\000\040\000t\000h\000e\000\040\000d\000i\000f\000f\000e\000r\000e\000n\000t\000\040\000W\000o\000r\000k\000f\000l\000o\000w\000\040\000U\000s\000e\000\040\000C\000a\000s\000e\000s}{section.3}% 23
\BOOKMARK [3][-]{subsubsection.3.6.1}{\376\377\000D\000e\000-\000N\000o\000v\000o\000\040\000A\000n\000a\000l\000y\000s\000i\000s\000\040\000o\000f\000\040\000s\000a\000m\000p\000l\000e\000\040\000r\000e\000l\000a\000t\000e\000d\000n\000e\000s\000s\000\040\000\050\040\034\000d\000e\000n\000o\000v\000o\040\035\000\051}{subsection.3.6}% 24
\BOOKMARK [3][-]{subsubsection.3.6.2}{\376\377\000V\000a\000r\000i\000a\000n\000t\000\040\000C\000a\000l\000l\000i\000n\000g\000\040\000-\000\040\000S\000t\000a\000n\000d\000a\000r\000d\000\040\000R\000e\000-\000S\000e\000q\000u\000e\000n\000c\000i\000n\000g\000\040\000A\000n\000a\000l\000y\000s\000i\000s\000\040\000\050\040\034\000v\000a\000r\000c\000a\000l\000l\040\035\000\051}{subsection.3.6}% 25
\BOOKMARK [3][-]{subsubsection.3.6.3}{\376\377\000V\000a\000r\000i\000a\000n\000t\000\040\000A\000n\000n\000o\000t\000a\000t\000i\000o\000n\000\040\000-\000\040\000T\000h\000e\000\040\000E\000f\000f\000e\000c\000t\000s\000\040\000o\000f\000\040\000V\000a\000r\000i\000a\000n\000t\000s\000\040\000o\000n\000\040\000G\000e\000n\000e\000\040\000F\000u\000n\000c\000t\000i\000o\000n\000\040\000\050\040\034\000a\000n\000n\000o\000t\000a\000t\000e\040\035\000\051}{subsection.3.6}% 26
\BOOKMARK [3][-]{subsubsection.3.6.4}{\376\377\000E\000x\000p\000e\000r\000t\000\040\000O\000p\000t\000i\000o\000n\000s}{subsection.3.6}% 27
\BOOKMARK [1][-]{section.4}{\376\377\000W\000o\000r\000k\000f\000l\000o\000w\000\040\000O\000u\000t\000p\000u\000t\000s}{}% 28
\BOOKMARK [1][-]{section.5}{\376\377\000S\000u\000p\000p\000o\000r\000t}{}% 29
\BOOKMARK [2][-]{subsection.5.1}{\376\377\000C\000o\000n\000t\000r\000i\000b\000u\000t\000o\000r\000s}{section.5}% 30
\BOOKMARK [2][-]{subsection.5.2}{\376\377\000C\000i\000t\000i\000n\000g}{section.5}% 31
\BOOKMARK [2][-]{subsection.5.3}{\376\377\000R\000e\000p\000r\000o\000d\000u\000c\000i\000b\000i\000l\000i\000t\000y}{section.5}% 32
\BOOKMARK [2][-]{subsection.5.4}{\376\377\000G\000e\000t\000t\000i\000n\000g\000\040\000H\000e\000l\000p}{section.5}% 33
